#
# A fatal error has been detected by the Java Runtime Environment:
#
#  Internal Error (assembler_x86.cpp:1094), pid=2264, tid=6820
#  Error: ShouldNotReachHere()
#
# JRE version: OpenJDK Runtime Environment (17.0.6) (build 17.0.6+0-b2043.56-9586694)
# Java VM: OpenJDK 64-Bit Server VM (17.0.6+0-b2043.56-9586694, mixed mode, tiered, compressed oops, compressed class ptrs, g1 gc, windows-amd64)
# No core dump will be written. Minidumps are not enabled by default on client versions of Windows
#
# If you would like to submit a bug report, please visit:
#   https://bugreport.java.com/bugreport/crash.jsp
#

---------------  S U M M A R Y ------------

Command Line: -Djava.awt.headless=true -Dorg.gradle.internal.worker.tmpdir=F:\AndroidProjects\ParrotLingo\features\translation\build\tmp\testReleaseUnitTest\work -Dorg.gradle.native=false -Xmx512m -Dfile.encoding=UTF-8 -Duser.country=US -Duser.language=en -Duser.variant -ea worker.org.gradle.process.internal.worker.GradleWorkerMain 'Gradle Test Executor 167'

Host: 13th Gen Intel(R) Core(TM) i7-13700K, 24 cores, 31G,  Windows 11 , 64 bit Build 22621 (10.0.22621.1635)
Time: Tue May 16 13:38:01 2023 E. South America Standard Time elapsed time: 1.323597 seconds (0d 0h 0m 1s)

---------------  T H R E A D  ---------------

Current thread (0x00000285b78b6780):  JavaThread "C1 CompilerThread1" daemon [_thread_in_vm, id=6820, stack(0x0000009f7b600000,0x0000009f7b700000)]


Current CompileTask:
C1:   1323 2295   !   3       java.util.jar.JarFile::getManifestFromReference (197 bytes)

Stack: [0x0000009f7b600000,0x0000009f7b700000]
Native frames: (J=compiled Java code, j=interpreted, Vv=VM code, C=native code)
V  [jvm.dll+0x683b4a]
V  [jvm.dll+0x842654]
V  [jvm.dll+0x843dfe]
V  [jvm.dll+0x844417]
V  [jvm.dll+0x249aac]
V  [jvm.dll+0x2499f3]
V  [jvm.dll+0xd259c]
V  [jvm.dll+0x6d37b2]
V  [jvm.dll+0x204292]
V  [jvm.dll+0x65b0f2]
V  [jvm.dll+0x1c6466]
V  [jvm.dll+0x135b81]
V  [jvm.dll+0x134f4a]
V  [jvm.dll+0x136c11]
V  [jvm.dll+0x22b098]
V  [jvm.dll+0x229159]
V  [jvm.dll+0x7f809c]
V  [jvm.dll+0x7f25fa]
V  [jvm.dll+0x682985]
C  [ucrtbase.dll+0x29363]
C  [KERNEL32.DLL+0x126ad]
C  [ntdll.dll+0x5a9f8]


---------------  P R O C E S S  ---------------

Threads class SMR info:
_java_thread_list=0x00000285d3266850, length=25, elements={
0x00000285b78b5910, 0x00000285cf4b8260, 0x00000285cf4b95d0, 0x00000285cf4a25f0,
0x00000285cf4dd000, 0x00000285cf4df8e0, 0x00000285cf4e2170, 0x00000285cf4ecf70,
0x00000285cf4ee1d0, 0x00000285cf4fef50, 0x00000285cf4e1300, 0x00000285cf4e0e30,
0x00000285b78b6780, 0x00000285d05442f0, 0x00000285d0d389c0, 0x00000285cf4e2640,
0x00000285cf4e1ca0, 0x00000285cf4e2fe0, 0x00000285d11f5970, 0x00000285d1408c90,
0x00000285d1772830, 0x00000285d33de800, 0x00000285d14f87d0, 0x00000285d328c9f0,
0x00000285d3aaf700
}

Java Threads: ( => current thread )
  0x00000285b78b5910 JavaThread "Test worker" [_thread_blocked, id=20720, stack(0x0000009f7a300000,0x0000009f7a400000)]
  0x00000285cf4b8260 JavaThread "Reference Handler" daemon [_thread_blocked, id=21128, stack(0x0000009f7aa00000,0x0000009f7ab00000)]
  0x00000285cf4b95d0 JavaThread "Finalizer" daemon [_thread_blocked, id=18724, stack(0x0000009f7ab00000,0x0000009f7ac00000)]
  0x00000285cf4a25f0 JavaThread "Signal Dispatcher" daemon [_thread_blocked, id=1200, stack(0x0000009f7ac00000,0x0000009f7ad00000)]
  0x00000285cf4dd000 JavaThread "Attach Listener" daemon [_thread_blocked, id=21252, stack(0x0000009f7ad00000,0x0000009f7ae00000)]
  0x00000285cf4df8e0 JavaThread "Service Thread" daemon [_thread_blocked, id=22204, stack(0x0000009f7ae00000,0x0000009f7af00000)]
  0x00000285cf4e2170 JavaThread "Monitor Deflation Thread" daemon [_thread_blocked, id=13136, stack(0x0000009f7af00000,0x0000009f7b000000)]
  0x00000285cf4ecf70 JavaThread "C2 CompilerThread0" daemon [_thread_blocked, id=6068, stack(0x0000009f7b000000,0x0000009f7b100000)]
  0x00000285cf4ee1d0 JavaThread "C1 CompilerThread0" daemon [_thread_blocked, id=9256, stack(0x0000009f7b100000,0x0000009f7b200000)]
  0x00000285cf4fef50 JavaThread "Sweeper thread" daemon [_thread_blocked, id=2876, stack(0x0000009f7b200000,0x0000009f7b300000)]
  0x00000285cf4e1300 JavaThread "Notification Thread" daemon [_thread_blocked, id=24432, stack(0x0000009f7b300000,0x0000009f7b400000)]
  0x00000285cf4e0e30 JavaThread "Common-Cleaner" daemon [_thread_blocked, id=23612, stack(0x0000009f7b500000,0x0000009f7b600000)]
=>0x00000285b78b6780 JavaThread "C1 CompilerThread1" daemon [_thread_in_vm, id=6820, stack(0x0000009f7b600000,0x0000009f7b700000)]
  0x00000285d05442f0 JavaThread "C1 CompilerThread2" daemon [_thread_blocked, id=21164, stack(0x0000009f7b900000,0x0000009f7ba00000)]
  0x00000285d0d389c0 JavaThread "C1 CompilerThread3" daemon [_thread_blocked, id=24072, stack(0x0000009f7ba00000,0x0000009f7bb00000)]
  0x00000285cf4e2640 JavaThread "/127.0.0.1:51553 to /127.0.0.1:51549 workers" [_thread_blocked, id=7444, stack(0x0000009f7bc00000,0x0000009f7bd00000)]
  0x00000285cf4e1ca0 JavaThread "/127.0.0.1:51553 to /127.0.0.1:51549 workers Thread 2" [_thread_blocked, id=24884, stack(0x0000009f7bd00000,0x0000009f7be00000)]
  0x00000285cf4e2fe0 JavaThread "/127.0.0.1:51553 to /127.0.0.1:51549 workers Thread 3" [_thread_in_native, id=24972, stack(0x0000009f7be00000,0x0000009f7bf00000)]
  0x00000285d11f5970 JavaThread "C2 CompilerThread1" daemon [_thread_blocked, id=7996, stack(0x0000009f7b700000,0x0000009f7b800000)]
  0x00000285d1408c90 JavaThread "C2 CompilerThread2" daemon [_thread_in_native, id=22620, stack(0x0000009f7b800000,0x0000009f7b900000)]
  0x00000285d1772830 JavaThread "C2 CompilerThread3" daemon [_thread_in_native, id=23404, stack(0x0000009f7ce00000,0x0000009f7cf00000)]
  0x00000285d33de800 JavaThread "C2 CompilerThread4" daemon [_thread_blocked, id=5012, stack(0x0000009f7cf00000,0x0000009f7d000000)]
  0x00000285d14f87d0 JavaThread "C2 CompilerThread5" daemon [_thread_in_native, id=24892, stack(0x0000009f7d000000,0x0000009f7d100000)]
  0x00000285d328c9f0 JavaThread "C2 CompilerThread6" daemon [_thread_blocked, id=20124, stack(0x0000009f7d100000,0x0000009f7d200000)]
  0x00000285d3aaf700 JavaThread "C2 CompilerThread7" daemon [_thread_blocked, id=23624, stack(0x0000009f7d200000,0x0000009f7d300000)]

Other Threads:
  0x00000285cf35b050 VMThread "VM Thread" [stack: 0x0000009f7a900000,0x0000009f7aa00000] [id=14012]
  0x00000285b7949fe0 WatcherThread [stack: 0x0000009f7b400000,0x0000009f7b500000] [id=7944]
  0x00000285b78e6be0 GCTaskThread "GC Thread#0" [stack: 0x0000009f7a400000,0x0000009f7a500000] [id=8796]
  0x00000285d0bc1de0 GCTaskThread "GC Thread#1" [stack: 0x0000009f7bf00000,0x0000009f7c000000] [id=11668]
  0x00000285d07828a0 GCTaskThread "GC Thread#2" [stack: 0x0000009f7c000000,0x0000009f7c100000] [id=21760]
  0x00000285d0ac5ef0 GCTaskThread "GC Thread#3" [stack: 0x0000009f7c100000,0x0000009f7c200000] [id=23832]
  0x00000285d11a3040 GCTaskThread "GC Thread#4" [stack: 0x0000009f7c200000,0x0000009f7c300000] [id=24404]
  0x00000285d11a32f0 GCTaskThread "GC Thread#5" [stack: 0x0000009f7c300000,0x0000009f7c400000] [id=1192]
  0x00000285d11a35a0 GCTaskThread "GC Thread#6" [stack: 0x0000009f7c400000,0x0000009f7c500000] [id=3008]
  0x00000285d11a3850 GCTaskThread "GC Thread#7" [stack: 0x0000009f7c500000,0x0000009f7c600000] [id=23116]
  0x00000285d0e43960 GCTaskThread "GC Thread#8" [stack: 0x0000009f7c600000,0x0000009f7c700000] [id=22020]
  0x00000285d0e43c10 GCTaskThread "GC Thread#9" [stack: 0x0000009f7c700000,0x0000009f7c800000] [id=23448]
  0x00000285d0e43ec0 GCTaskThread "GC Thread#10" [stack: 0x0000009f7c800000,0x0000009f7c900000] [id=24616]
  0x00000285d0e44170 GCTaskThread "GC Thread#11" [stack: 0x0000009f7c900000,0x0000009f7ca00000] [id=25484]
  0x00000285b78d3360 ConcurrentGCThread "G1 Main Marker" [stack: 0x0000009f7a500000,0x0000009f7a600000] [id=21168]
  0x00000285b78fbb60 ConcurrentGCThread "G1 Conc#0" [stack: 0x0000009f7a600000,0x0000009f7a700000] [id=20472]
  0x00000285d13fe750 ConcurrentGCThread "G1 Conc#1" [stack: 0x0000009f7ca00000,0x0000009f7cb00000] [id=23172]
  0x00000285d13fea00 ConcurrentGCThread "G1 Conc#2" [stack: 0x0000009f7cb00000,0x0000009f7cc00000] [id=9764]
  0x00000285d13ff770 ConcurrentGCThread "G1 Conc#3" [stack: 0x0000009f7cc00000,0x0000009f7cd00000] [id=25192]
  0x00000285d13fecb0 ConcurrentGCThread "G1 Conc#4" [stack: 0x0000009f7cd00000,0x0000009f7ce00000] [id=24540]
  0x00000285cf2f0980 ConcurrentGCThread "G1 Refine#0" [stack: 0x0000009f7a700000,0x0000009f7a800000] [id=6764]
  0x00000285cf2f3c80 ConcurrentGCThread "G1 Service" [stack: 0x0000009f7a800000,0x0000009f7a900000] [id=21764]

Threads with active compile tasks:
C2 CompilerThread0     1335 2192   !   4       jdk.internal.loader.URLClassPath$JarLoader::getResource (65 bytes)
C1 CompilerThread0     1335 2296       3       sun.net.util.URLUtil::urlNoFragString (114 bytes)
C1 CompilerThread1     1335 2295   !   3       java.util.jar.JarFile::getManifestFromReference (197 bytes)
C1 CompilerThread3     1335 2292   !   3       jdk.internal.loader.BuiltinClassLoader::findClassOnClassPathOrNull (64 bytes)
C2 CompilerThread1     1335 2222       4       jdk.internal.org.objectweb.asm.Frame::execute (2305 bytes)
C2 CompilerThread2     1335 2191 %     4       java.io.WinNTFileSystem::normalize @ 22 (143 bytes)
C2 CompilerThread3     1335 1773  s!   4       jdk.internal.loader.URLClassPath::getLoader (194 bytes)
C2 CompilerThread4     1335 2293 %     4       java.lang.StringLatin1::lastIndexOf @ 18 (40 bytes)
C2 CompilerThread5     1335 1839 %     4       jdk.internal.loader.URLClassPath::getResource @ 39 (74 bytes)
C2 CompilerThread6     1335 2228       4       jdk.internal.org.objectweb.asm.SymbolTable::addConstantUtf8 (98 bytes)
C2 CompilerThread7     1335 2267       4       java.lang.StringLatin1::toLowerCase (186 bytes)

VM state: not at safepoint (normal execution)

VM Mutex/Monitor currently owned by a thread:  ([mutex/lock_event])
[0x00000285b78b0af0] Compile_lock - owner thread: 0x00000285b78b6780
[0x00000285b78af980] MethodCompileQueue_lock - owner thread: 0x00000285b78b6780

Heap address: 0x00000000e0000000, size: 512 MB, Compressed Oops mode: 32-bit

CDS archive(s) not mapped
Compressed class space mapped at: 0x0000000100000000-0x0000000140000000, reserved size: 1073741824
Narrow klass base: 0x0000000000000000, Narrow klass shift: 3, Narrow klass range: 0x140000000

GC Precious Log:
 CPUs: 24 total, 24 available
 Memory: 32509M
 Large Page Support: Disabled
 NUMA Support: Disabled
 Compressed Oops: Enabled (32-bit)
 Heap Region Size: 1M
 Heap Min Capacity: 8M
 Heap Initial Capacity: 508M
 Heap Max Capacity: 512M
 Pre-touch: Disabled
 Parallel Workers: 18
 Concurrent Workers: 5
 Concurrent Refinement Workers: 18
 Periodic GC: Disabled

Heap:
 garbage-first heap   total 65536K, used 27008K [0x00000000e0000000, 0x0000000100000000)
  region size 1024K, 13 young (13312K), 2 survivors (2048K)
 Metaspace       used 23189K, committed 23424K, reserved 1073152K
  class space    used 2760K, committed 2880K, reserved 1048576K

Heap Regions: E=young(eden), S=young(survivor), O=old, HS=humongous(starts), HC=humongous(continues), CS=collection set, F=free, OA=open archive, CA=closed archive, TAMS=top-at-mark-start (previous, next)
|   0|0x00000000e0000000, 0x00000000e0100000, 0x00000000e0100000|100%|HS|  |TAMS 0x00000000e0100000, 0x00000000e0000000| Complete 
|   1|0x00000000e0100000, 0x00000000e0200000, 0x00000000e0200000|100%|HC|  |TAMS 0x00000000e0200000, 0x00000000e0100000| Complete 
|   2|0x00000000e0200000, 0x00000000e0300000, 0x00000000e0300000|100%|HS|  |TAMS 0x00000000e0300000, 0x00000000e0200000| Complete 
|   3|0x00000000e0300000, 0x00000000e0400000, 0x00000000e0400000|100%|HC|  |TAMS 0x00000000e0400000, 0x00000000e0300000| Complete 
|   4|0x00000000e0400000, 0x00000000e0500000, 0x00000000e0500000|100%| O|  |TAMS 0x00000000e0500000, 0x00000000e0400000| Untracked 
|   5|0x00000000e0500000, 0x00000000e0600000, 0x00000000e0600000|100%| O|  |TAMS 0x00000000e0600000, 0x00000000e0500000| Untracked 
|   6|0x00000000e0600000, 0x00000000e0700000, 0x00000000e0700000|100%| O|  |TAMS 0x00000000e0700000, 0x00000000e0600000| Untracked 
|   7|0x00000000e0700000, 0x00000000e0800000, 0x00000000e0800000|100%| O|  |TAMS 0x00000000e0800000, 0x00000000e0700000| Untracked 
|   8|0x00000000e0800000, 0x00000000e0900000, 0x00000000e0900000|100%| O|  |TAMS 0x00000000e0900000, 0x00000000e0800000| Untracked 
|   9|0x00000000e0900000, 0x00000000e0a00000, 0x00000000e0a00000|100%| O|  |TAMS 0x00000000e0a00000, 0x00000000e0900000| Untracked 
|  10|0x00000000e0a00000, 0x00000000e0b00000, 0x00000000e0b00000|100%| O|  |TAMS 0x00000000e0b00000, 0x00000000e0a00000| Untracked 
|  11|0x00000000e0b00000, 0x00000000e0b00000, 0x00000000e0c00000|  0%| F|  |TAMS 0x00000000e0b00000, 0x00000000e0b00000| Untracked 
|  12|0x00000000e0c00000, 0x00000000e0d00000, 0x00000000e0d00000|100%| O|  |TAMS 0x00000000e0d00000, 0x00000000e0c00000| Untracked 
|  13|0x00000000e0d00000, 0x00000000e0e00000, 0x00000000e0e00000|100%| O|  |TAMS 0x00000000e0e00000, 0x00000000e0d00000| Untracked 
|  14|0x00000000e0e00000, 0x00000000e0f00000, 0x00000000e0f00000|100%| O|  |TAMS 0x00000000e0f00000, 0x00000000e0e00000| Untracked 
|  15|0x00000000e0f00000, 0x00000000e1000000, 0x00000000e1000000|100%| O|  |TAMS 0x00000000e1000000, 0x00000000e0f00000| Untracked 
|  16|0x00000000e1000000, 0x00000000e1015a00, 0x00000000e1100000|  8%| O|  |TAMS 0x00000000e1015a00, 0x00000000e1000000| Untracked 
|  17|0x00000000e1100000, 0x00000000e1100000, 0x00000000e1200000|  0%| F|  |TAMS 0x00000000e1100000, 0x00000000e1100000| Untracked 
|  18|0x00000000e1200000, 0x00000000e1200000, 0x00000000e1300000|  0%| F|  |TAMS 0x00000000e1200000, 0x00000000e1200000| Untracked 
|  19|0x00000000e1300000, 0x00000000e1300000, 0x00000000e1400000|  0%| F|  |TAMS 0x00000000e1300000, 0x00000000e1300000| Untracked 
|  20|0x00000000e1400000, 0x00000000e1400000, 0x00000000e1500000|  0%| F|  |TAMS 0x00000000e1400000, 0x00000000e1400000| Untracked 
|  21|0x00000000e1500000, 0x00000000e1500000, 0x00000000e1600000|  0%| F|  |TAMS 0x00000000e1500000, 0x00000000e1500000| Untracked 
|  22|0x00000000e1600000, 0x00000000e1600000, 0x00000000e1700000|  0%| F|  |TAMS 0x00000000e1600000, 0x00000000e1600000| Untracked 
|  23|0x00000000e1700000, 0x00000000e1700000, 0x00000000e1800000|  0%| F|  |TAMS 0x00000000e1700000, 0x00000000e1700000| Untracked 
|  24|0x00000000e1800000, 0x00000000e1800000, 0x00000000e1900000|  0%| F|  |TAMS 0x00000000e1800000, 0x00000000e1800000| Untracked 
|  25|0x00000000e1900000, 0x00000000e1900000, 0x00000000e1a00000|  0%| F|  |TAMS 0x00000000e1900000, 0x00000000e1900000| Untracked 
|  26|0x00000000e1a00000, 0x00000000e1a00000, 0x00000000e1b00000|  0%| F|  |TAMS 0x00000000e1a00000, 0x00000000e1a00000| Untracked 
|  27|0x00000000e1b00000, 0x00000000e1b00000, 0x00000000e1c00000|  0%| F|  |TAMS 0x00000000e1b00000, 0x00000000e1b00000| Untracked 
|  28|0x00000000e1c00000, 0x00000000e1c00000, 0x00000000e1d00000|  0%| F|  |TAMS 0x00000000e1c00000, 0x00000000e1c00000| Untracked 
|  29|0x00000000e1d00000, 0x00000000e1d00000, 0x00000000e1e00000|  0%| F|  |TAMS 0x00000000e1d00000, 0x00000000e1d00000| Untracked 
|  30|0x00000000e1e00000, 0x00000000e1e00000, 0x00000000e1f00000|  0%| F|  |TAMS 0x00000000e1e00000, 0x00000000e1e00000| Untracked 
|  31|0x00000000e1f00000, 0x00000000e1f00000, 0x00000000e2000000|  0%| F|  |TAMS 0x00000000e1f00000, 0x00000000e1f00000| Untracked 
|  32|0x00000000e2000000, 0x00000000e2000000, 0x00000000e2100000|  0%| F|  |TAMS 0x00000000e2000000, 0x00000000e2000000| Untracked 
|  33|0x00000000e2100000, 0x00000000e2100000, 0x00000000e2200000|  0%| F|  |TAMS 0x00000000e2100000, 0x00000000e2100000| Untracked 
|  34|0x00000000e2200000, 0x00000000e2200000, 0x00000000e2300000|  0%| F|  |TAMS 0x00000000e2200000, 0x00000000e2200000| Untracked 
|  35|0x00000000e2300000, 0x00000000e2300000, 0x00000000e2400000|  0%| F|  |TAMS 0x00000000e2300000, 0x00000000e2300000| Untracked 
|  36|0x00000000e2400000, 0x00000000e2400000, 0x00000000e2500000|  0%| F|  |TAMS 0x00000000e2400000, 0x00000000e2400000| Untracked 
|  37|0x00000000e2500000, 0x00000000e2500000, 0x00000000e2600000|  0%| F|  |TAMS 0x00000000e2500000, 0x00000000e2500000| Untracked 
|  38|0x00000000e2600000, 0x00000000e2600000, 0x00000000e2700000|  0%| F|  |TAMS 0x00000000e2600000, 0x00000000e2600000| Untracked 
|  39|0x00000000e2700000, 0x00000000e2700000, 0x00000000e2800000|  0%| F|  |TAMS 0x00000000e2700000, 0x00000000e2700000| Untracked 
|  40|0x00000000e2800000, 0x00000000e2800000, 0x00000000e2900000|  0%| F|  |TAMS 0x00000000e2800000, 0x00000000e2800000| Untracked 
|  41|0x00000000e2900000, 0x00000000e2900000, 0x00000000e2a00000|  0%| F|  |TAMS 0x00000000e2900000, 0x00000000e2900000| Untracked 
|  42|0x00000000e2a00000, 0x00000000e2a00000, 0x00000000e2b00000|  0%| F|  |TAMS 0x00000000e2a00000, 0x00000000e2a00000| Untracked 
|  43|0x00000000e2b00000, 0x00000000e2b00000, 0x00000000e2c00000|  0%| F|  |TAMS 0x00000000e2b00000, 0x00000000e2b00000| Untracked 
|  44|0x00000000e2c00000, 0x00000000e2c00000, 0x00000000e2d00000|  0%| F|  |TAMS 0x00000000e2c00000, 0x00000000e2c00000| Untracked 
|  45|0x00000000e2d00000, 0x00000000e2d00000, 0x00000000e2e00000|  0%| F|  |TAMS 0x00000000e2d00000, 0x00000000e2d00000| Untracked 
|  46|0x00000000e2e00000, 0x00000000e2e00000, 0x00000000e2f00000|  0%| F|  |TAMS 0x00000000e2e00000, 0x00000000e2e00000| Untracked 
|  47|0x00000000e2f00000, 0x00000000e2f00000, 0x00000000e3000000|  0%| F|  |TAMS 0x00000000e2f00000, 0x00000000e2f00000| Untracked 
|  48|0x00000000e3000000, 0x00000000e3000000, 0x00000000e3100000|  0%| F|  |TAMS 0x00000000e3000000, 0x00000000e3000000| Untracked 
|  49|0x00000000e3100000, 0x00000000e3100000, 0x00000000e3200000|  0%| F|  |TAMS 0x00000000e3100000, 0x00000000e3100000| Untracked 
|  50|0x00000000e3200000, 0x00000000e3200000, 0x00000000e3300000|  0%| F|  |TAMS 0x00000000e3200000, 0x00000000e3200000| Untracked 
|  51|0x00000000e3300000, 0x00000000e3400000, 0x00000000e3400000|100%| E|  |TAMS 0x00000000e3300000, 0x00000000e3300000| Complete 
|  52|0x00000000e3400000, 0x00000000e3500000, 0x00000000e3500000|100%| E|CS|TAMS 0x00000000e3400000, 0x00000000e3400000| Complete 
|  53|0x00000000e3500000, 0x00000000e3600000, 0x00000000e3600000|100%| E|CS|TAMS 0x00000000e3500000, 0x00000000e3500000| Complete 
|  54|0x00000000e3600000, 0x00000000e3700000, 0x00000000e3700000|100%| E|CS|TAMS 0x00000000e3600000, 0x00000000e3600000| Complete 
|  55|0x00000000e3700000, 0x00000000e3800000, 0x00000000e3800000|100%| E|CS|TAMS 0x00000000e3700000, 0x00000000e3700000| Complete 
|  56|0x00000000e3800000, 0x00000000e3900000, 0x00000000e3900000|100%| E|CS|TAMS 0x00000000e3800000, 0x00000000e3800000| Complete 
|  57|0x00000000e3900000, 0x00000000e3a00000, 0x00000000e3a00000|100%| E|CS|TAMS 0x00000000e3900000, 0x00000000e3900000| Complete 
|  58|0x00000000e3a00000, 0x00000000e3b00000, 0x00000000e3b00000|100%| E|CS|TAMS 0x00000000e3a00000, 0x00000000e3a00000| Complete 
|  59|0x00000000e3b00000, 0x00000000e3c00000, 0x00000000e3c00000|100%| E|CS|TAMS 0x00000000e3b00000, 0x00000000e3b00000| Complete 
|  60|0x00000000e3c00000, 0x00000000e3d00000, 0x00000000e3d00000|100%| E|CS|TAMS 0x00000000e3c00000, 0x00000000e3c00000| Complete 
| 499|0x00000000ff300000, 0x00000000ff34a6a0, 0x00000000ff400000| 29%| S|CS|TAMS 0x00000000ff300000, 0x00000000ff300000| Complete 
| 500|0x00000000ff400000, 0x00000000ff500000, 0x00000000ff500000|100%| S|CS|TAMS 0x00000000ff400000, 0x00000000ff400000| Complete 
| 507|0x00000000ffb00000, 0x00000000ffc00000, 0x00000000ffc00000|100%| E|CS|TAMS 0x00000000ffb00000, 0x00000000ffb00000| Complete 

Card table byte_map: [0x00000285cac30000,0x00000285cad30000] _byte_map_base: 0x00000285ca530000

Marking Bits (Prev, Next): (CMBitMap*) 0x00000285b78e7230, (CMBitMap*) 0x00000285b78e71f0
 Prev Bits: [0x00000285cb630000, 0x00000285cbe30000)
 Next Bits: [0x00000285cae30000, 0x00000285cb630000)

Polling page: 0x00000285b57c0000

Metaspace:

Usage:
  Non-class:     19.95 MB used.
      Class:      2.70 MB used.
       Both:     22.65 MB used.

Virtual space:
  Non-class space:       24.00 MB reserved,      20.06 MB ( 84%) committed,  3 nodes.
      Class space:        1.00 GB reserved,       2.81 MB ( <1%) committed,  1 nodes.
             Both:        1.02 GB reserved,      22.88 MB (  2%) committed. 

Chunk freelists:
   Non-Class:  3.23 MB
       Class:  1.12 MB
        Both:  4.36 MB

MaxMetaspaceSize: unlimited
CompressedClassSpaceSize: 1.00 GB
Initial GC threshold: 21.00 MB
Current GC threshold: 35.25 MB
CDS: off
MetaspaceReclaimPolicy: balanced
 - commit_granule_bytes: 65536.
 - commit_granule_words: 8192.
 - virtual_space_node_default_size: 1048576.
 - enlarge_chunks_in_place: 1.
 - new_chunks_are_fully_committed: 0.
 - uncommit_free_chunks: 1.
 - use_allocation_guard: 0.
 - handle_deallocations: 1.


Internal statistics:

num_allocs_failed_limit: 3.
num_arena_births: 114.
num_arena_deaths: 0.
num_vsnodes_births: 4.
num_vsnodes_deaths: 0.
num_space_committed: 366.
num_space_uncommitted: 0.
num_chunks_returned_to_freelist: 3.
num_chunks_taken_from_freelist: 552.
num_chunk_merges: 3.
num_chunk_splits: 386.
num_chunks_enlarged: 304.
num_purges: 0.
num_inconsistent_stats: 0.

CodeHeap 'non-profiled nmethods': size=119168Kb used=966Kb max_used=966Kb free=118201Kb
 bounds [0x00000285c2900000, 0x00000285c2b70000, 0x00000285c9d60000]
CodeHeap 'profiled nmethods': size=119104Kb used=4235Kb max_used=4235Kb free=114868Kb
 bounds [0x00000285bad60000, 0x00000285bb190000, 0x00000285c21b0000]
CodeHeap 'non-nmethods': size=7488Kb used=3000Kb max_used=3000Kb free=4487Kb
 bounds [0x00000285c21b0000, 0x00000285c24a0000, 0x00000285c2900000]
 total_blobs=2783 nmethods=2264 adapters=418
 compilation: enabled
              stopped_count=0, restarted_count=0
 full_count=0

Compilation events (20 events):
Event: 1.315 Thread 0x00000285d11f5970 nmethod 2214 0x00000285c29f0410 code [0x00000285c29f05c0, 0x00000285c29f0d68]
Event: 1.316 Thread 0x00000285d11f5970 2222       4       jdk.internal.org.objectweb.asm.Frame::execute (2305 bytes)
Event: 1.316 Thread 0x00000285cf4ee1d0 nmethod 2240 0x00000285bb17cf90 code [0x00000285bb17d500, 0x00000285bb180558]
Event: 1.317 Thread 0x00000285d33de800 nmethod 2283 0x00000285c29f1110 code [0x00000285c29f1280, 0x00000285c29f13d8]
Event: 1.317 Thread 0x00000285d33de800 2265       4       java.lang.CharacterDataLatin1::isWhitespace (23 bytes)
Event: 1.319 Thread 0x00000285d33de800 nmethod 2265 0x00000285c29f1490 code [0x00000285c29f1600, 0x00000285c29f16b8]
Event: 1.319 Thread 0x00000285d33de800 2244       4       jdk.internal.org.objectweb.asm.ByteVector::putShort (52 bytes)
Event: 1.320 Thread 0x00000285d0d389c0 2290       3       java.io.InputStream::<init> (5 bytes)
Event: 1.320 Thread 0x00000285d0d389c0 nmethod 2290 0x00000285bb180f90 code [0x00000285bb181120, 0x00000285bb181278]
Event: 1.320 Thread 0x00000285d0d389c0 2291       3       java.util.zip.ZipUtils::CENSIZ (9 bytes)
Event: 1.321 Thread 0x00000285d0d389c0 nmethod 2291 0x00000285bb181310 code [0x00000285bb1814c0, 0x00000285bb181798]
Event: 1.321 Thread 0x00000285d0d389c0 2292   !   3       jdk.internal.loader.BuiltinClassLoader::findClassOnClassPathOrNull (64 bytes)
Event: 1.321 Thread 0x00000285d05442f0 2294       3       java.util.jar.JarFile::getManifest (5 bytes)
Event: 1.321 Thread 0x00000285b78b6780 2295   !   3       java.util.jar.JarFile::getManifestFromReference (197 bytes)
Event: 1.321 Thread 0x00000285cf4ee1d0 2296       3       sun.net.util.URLUtil::urlNoFragString (114 bytes)
Event: 1.321 Thread 0x00000285d05442f0 nmethod 2294 0x00000285bb181910 code [0x00000285bb181aa0, 0x00000285bb181be8]
Event: 1.321 Thread 0x00000285d33de800 nmethod 2244 0x00000285c29f1790 code [0x00000285c29f1900, 0x00000285c29f1a38]
Event: 1.321 Thread 0x00000285d05442f0 2298       3       sun.reflect.generics.parser.SignatureParser::parsePackageNameAndSimpleClassTypeSignature (119 bytes)
Event: 1.322 Thread 0x00000285d33de800 2293 %     4       java.lang.StringLatin1::lastIndexOf @ 18 (40 bytes)
Event: 1.323 Thread 0x00000285d05442f0 nmethod 2298 0x00000285bb181c90 code [0x00000285bb181f80, 0x00000285bb182a28]

GC Heap History (6 events):
Event: 0.516 GC heap before
{Heap before GC invocations=0 (full 0):
 garbage-first heap   total 520192K, used 28672K [0x00000000e0000000, 0x0000000100000000)
  region size 1024K, 25 young (25600K), 0 survivors (0K)
 Metaspace       used 14169K, committed 14336K, reserved 1064960K
  class space    used 1499K, committed 1600K, reserved 1048576K
}
Event: 0.519 GC heap after
{Heap after GC invocations=1 (full 0):
 garbage-first heap   total 520192K, used 15268K [0x00000000e0000000, 0x0000000100000000)
  region size 1024K, 4 young (4096K), 4 survivors (4096K)
 Metaspace       used 14169K, committed 14336K, reserved 1064960K
  class space    used 1499K, committed 1600K, reserved 1048576K
}
Event: 0.989 GC heap before
{Heap before GC invocations=1 (full 0):
 garbage-first heap   total 520192K, used 36772K [0x00000000e0000000, 0x0000000100000000)
  region size 1024K, 25 young (25600K), 4 survivors (4096K)
 Metaspace       used 20053K, committed 20224K, reserved 1073152K
  class space    used 2153K, committed 2240K, reserved 1048576K
}
Event: 0.991 GC heap after
{Heap after GC invocations=2 (full 0):
 garbage-first heap   total 520192K, used 16567K [0x00000000e0000000, 0x0000000100000000)
  region size 1024K, 2 young (2048K), 2 survivors (2048K)
 Metaspace       used 20053K, committed 20224K, reserved 1073152K
  class space    used 2153K, committed 2240K, reserved 1048576K
}
Event: 1.061 GC heap before
{Heap before GC invocations=2 (full 0):
 garbage-first heap   total 520192K, used 22711K [0x00000000e0000000, 0x0000000100000000)
  region size 1024K, 9 young (9216K), 2 survivors (2048K)
 Metaspace       used 21351K, committed 21504K, reserved 1073152K
  class space    used 2432K, committed 2496K, reserved 1048576K
}
Event: 1.062 GC heap after
{Heap after GC invocations=3 (full 0):
 garbage-first heap   total 520192K, used 16768K [0x00000000e0000000, 0x0000000100000000)
  region size 1024K, 2 young (2048K), 2 survivors (2048K)
 Metaspace       used 21351K, committed 21504K, reserved 1073152K
  class space    used 2432K, committed 2496K, reserved 1048576K
}

Dll operation events (4 events):
Event: 0.004 Loaded shared library F:\Android Studio Flamingo\jbr\bin\java.dll
Event: 0.205 Loaded shared library F:\Android Studio Flamingo\jbr\bin\verify.dll
Event: 0.806 Loaded shared library F:\Android Studio Flamingo\jbr\bin\instrument.dll
Event: 0.807 Loaded shared library F:\Android Studio Flamingo\jbr\bin\zip.dll

Deoptimization events (20 events):
Event: 0.606 Thread 0x00000285b78b5910 DEOPT PACKING pc=0x00000285c2977c2c sp=0x0000009f7a3fb360
Event: 0.606 Thread 0x00000285b78b5910 DEOPT UNPACKING pc=0x00000285c22069a3 sp=0x0000009f7a3fb2e8 mode 2
Event: 0.840 Thread 0x00000285b78b5910 Uncommon trap: trap_request=0xffffff45 fr.pc=0x00000285c2901964 relative=0x0000000000000064
Event: 0.840 Thread 0x00000285b78b5910 Uncommon trap: reason=unstable_if action=reinterpret pc=0x00000285c2901964 method=java.io.WinNTFileSystem.isSlash(C)Z @ 9 c2
Event: 0.840 Thread 0x00000285b78b5910 DEOPT PACKING pc=0x00000285c2901964 sp=0x0000009f7a3fbde0
Event: 0.840 Thread 0x00000285b78b5910 DEOPT UNPACKING pc=0x00000285c22069a3 sp=0x0000009f7a3fbd68 mode 2
Event: 0.931 Thread 0x00000285b78b5910 DEOPT PACKING pc=0x00000285baebd2f5 sp=0x0000009f7a3fab50
Event: 0.931 Thread 0x00000285b78b5910 DEOPT UNPACKING pc=0x00000285c2207143 sp=0x0000009f7a3f9fd8 mode 0
Event: 0.934 Thread 0x00000285b78b5910 DEOPT PACKING pc=0x00000285bae280ac sp=0x0000009f7a3fb250
Event: 0.934 Thread 0x00000285b78b5910 DEOPT UNPACKING pc=0x00000285c2207143 sp=0x0000009f7a3fa700 mode 0
Event: 1.073 Thread 0x00000285b78b5910 Uncommon trap: trap_request=0xffffffc6 fr.pc=0x00000285c2968928 relative=0x0000000000000a08
Event: 1.073 Thread 0x00000285b78b5910 Uncommon trap: reason=bimorphic_or_optimized_type_check action=maybe_recompile pc=0x00000285c2968928 method=java.util.HashMap.putVal(ILjava/lang/Object;Ljava/lang/Object;ZZ)Ljava/lang/Object; @ 203 c2
Event: 1.073 Thread 0x00000285b78b5910 DEOPT PACKING pc=0x00000285c2968928 sp=0x0000009f7a3fb1e0
Event: 1.073 Thread 0x00000285b78b5910 DEOPT UNPACKING pc=0x00000285c22069a3 sp=0x0000009f7a3fb180 mode 2
Event: 1.151 Thread 0x00000285b78b5910 Uncommon trap: trap_request=0xffffffc6 fr.pc=0x00000285c2968928 relative=0x0000000000000a08
Event: 1.151 Thread 0x00000285b78b5910 Uncommon trap: reason=bimorphic_or_optimized_type_check action=maybe_recompile pc=0x00000285c2968928 method=java.util.HashMap.putVal(ILjava/lang/Object;Ljava/lang/Object;ZZ)Ljava/lang/Object; @ 203 c2
Event: 1.151 Thread 0x00000285b78b5910 DEOPT PACKING pc=0x00000285c2968928 sp=0x0000009f7a3fb1e0
Event: 1.151 Thread 0x00000285b78b5910 DEOPT UNPACKING pc=0x00000285c22069a3 sp=0x0000009f7a3fb180 mode 2
Event: 1.295 Thread 0x00000285b78b5910 DEOPT PACKING pc=0x00000285bb0b62e5 sp=0x0000009f7a3f6b00
Event: 1.295 Thread 0x00000285b78b5910 DEOPT UNPACKING pc=0x00000285c2207143 sp=0x0000009f7a3f5f50 mode 0

Classes unloaded (0 events):
No events

Classes redefined (4 events):
Event: 1.167 Thread 0x00000285cf35b050 redefined class name=com.luisfagundes.domain.usecases.ListLanguages, count=1
Event: 1.167 Thread 0x00000285cf35b050 redefined class name=java.lang.Object, count=1
Event: 1.264 Thread 0x00000285cf35b050 redefined class name=com.luisfagundes.domain.usecases.UpdateLanguage, count=2
Event: 1.285 Thread 0x00000285cf35b050 redefined class name=com.luisfagundes.domain.usecases.SaveWord, count=2

Internal exceptions (20 events):
Event: 0.328 Thread 0x00000285b78b5910 Exception <a 'java/lang/NoSuchMethodError'{0x00000000feeef2a8}: static Lorg/gradle/api/internal/tasks/testing/junit/JUnitTestClassProcessorFactory;.<clinit>()V> (0x00000000feeef2a8) 
thrown [s\src\hotspot\share\prims\jni.cpp, line 1108]
Event: 0.329 Thread 0x00000285b78b5910 Exception <a 'java/lang/NoSuchMethodError'{0x00000000feefbb70}: static Lorg/gradle/api/internal/tasks/testing/junit/JUnitSpec;.<clinit>()V> (0x00000000feefbb70) 
thrown [s\src\hotspot\share\prims\jni.cpp, line 1108]
Event: 0.331 Thread 0x00000285b78b5910 Exception <a 'java/lang/NoSuchMethodError'{0x00000000fed18360}: static Lorg/gradle/api/internal/tasks/testing/filter/TestFilterSpec;.<clinit>()V> (0x00000000fed18360) 
thrown [s\src\hotspot\share\prims\jni.cpp, line 1108]
Event: 0.369 Thread 0x00000285b78b5910 Exception <a 'java/lang/NoSuchMethodError'{0x00000000fece06f0}: 'java.lang.Object java.lang.invoke.DirectMethodHandle$Holder.invokeVirtual(java.lang.Object, java.lang.Object, java.lang.Object, java.lang.Object, java.lang.Object, java.lang.Object, java.lang.Object)'> (0x00000000fece06f0) 
thrown [s\src\hotspot\share\interpreter\linkResolver.cpp, line 771]
Event: 0.370 Thread 0x00000285b78b5910 Exception <a 'java/lang/NoSuchMethodError'{0x00000000fecf0ed0}: 'java.lang.Object java.lang.invoke.Invokers$Holder.invoker(java.lang.Object, java.lang.Object, java.lang.Object)'> (0x00000000fecf0ed0) 
thrown [s\src\hotspot\share\interpreter\linkResolver.cpp, line 771]
Event: 0.371 Thread 0x00000285b78b5910 Exception <a 'java/lang/NoSuchMethodError'{0x00000000fecf9c00}: 'java.lang.Object java.lang.invoke.DirectMethodHandle$Holder.invokeStatic(java.lang.Object, java.lang.Object, int)'> (0x00000000fecf9c00) 
thrown [s\src\hotspot\share\interpreter\linkResolver.cpp, line 771]
Event: 0.372 Thread 0x00000285b78b5910 Exception <a 'java/lang/NoSuchMethodError'{0x00000000feb060c8}: 'void java.lang.invoke.DelegatingMethodHandle$Holder.delegate(java.lang.Object, java.lang.Object, int, java.lang.Object)'> (0x00000000feb060c8) 
thrown [s\src\hotspot\share\interpreter\linkResolver.cpp, line 771]
Event: 0.372 Thread 0x00000285b78b5910 Exception <a 'java/lang/NoSuchMethodError'{0x00000000feb0a280}: 'int java.lang.invoke.DirectMethodHandle$Holder.invokeSpecial(java.lang.Object, java.lang.Object, java.lang.Object)'> (0x00000000feb0a280) 
thrown [s\src\hotspot\share\interpreter\linkResolver.cpp, line 771]
Event: 0.374 Thread 0x00000285b78b5910 Exception <a 'java/lang/NoSuchMethodError'{0x00000000feb1d400}: 'java.lang.Object java.lang.invoke.Invokers$Holder.invokeExact_MT(java.lang.Object, java.lang.Object, java.lang.Object, java.lang.Object)'> (0x00000000feb1d400) 
thrown [s\src\hotspot\share\interpreter\linkResolver.cpp, line 771]
Event: 0.446 Thread 0x00000285b78b5910 Exception <a 'java/lang/NoSuchMethodError'{0x00000000fe62e400}: 'java.lang.Object java.lang.invoke.DirectMethodHandle$Holder.invokeStaticInit(java.lang.Object, int, int, int, int)'> (0x00000000fe62e400) 
thrown [s\src\hotspot\share\interpreter\linkResolver.cpp, line 771]
Event: 0.500 Thread 0x00000285b78b5910 Exception <a 'java/lang/NoSuchMethodError'{0x00000000fe43d268}: 'java.lang.Object java.lang.invoke.DirectMethodHandle$Holder.invokeStaticInit(java.lang.Object, java.lang.Object, int, int, int, int)'> (0x00000000fe43d268) 
thrown [s\src\hotspot\share\interpreter\linkResolver.cpp, line 771]
Event: 0.546 Thread 0x00000285b78b5910 Exception <a 'java/lang/NoSuchMethodError'{0x00000000ffa6a688}: 'java.lang.Object java.lang.invoke.DirectMethodHandle$Holder.invokeInterface(java.lang.Object, java.lang.Object)'> (0x00000000ffa6a688) 
thrown [s\src\hotspot\share\interpreter\linkResolver.cpp, line 771]
Event: 0.546 Thread 0x00000285b78b5910 Exception <a 'java/lang/IncompatibleClassChangeError'{0x00000000ffa6de80}: Found class java.lang.Object, but interface was expected> (0x00000000ffa6de80) 
thrown [s\src\hotspot\share\interpreter\linkResolver.cpp, line 838]
Event: 0.555 Thread 0x00000285b78b5910 Exception <a 'java/lang/NoSuchMethodError'{0x00000000ff96bd98}: 'java.lang.Object java.lang.invoke.DirectMethodHandle$Holder.newInvokeSpecial(java.lang.Object, java.lang.Object, java.lang.Object, java.lang.Object, java.lang.Object)'> (0x00000000ff96bd98) 
thrown [s\src\hotspot\share\interpreter\linkResolver.cpp, line 771]
Event: 0.646 Thread 0x00000285b78b5910 Exception <a 'java/lang/reflect/InvocationTargetException'{0x00000000ff1f3d90}> (0x00000000ff1f3d90) 
thrown [s\src\hotspot\share\runtime\reflection.cpp, line 1127]
Event: 0.647 Thread 0x00000285b78b5910 Exception <a 'java/lang/NoSuchMethodError'{0x00000000ff1faf70}: 'java.lang.Object java.lang.invoke.DirectMethodHandle$Holder.invokeStaticInit(java.lang.Object, java.lang.Object, long, java.lang.Object)'> (0x00000000ff1faf70) 
thrown [s\src\hotspot\share\interpreter\linkResolver.cpp, line 771]
Event: 0.648 Thread 0x00000285b78b5910 Exception <a 'java/lang/NoSuchMethodError'{0x00000000ff001f60}: 'java.lang.Object java.lang.invoke.DirectMethodHandle$Holder.newInvokeSpecial(java.lang.Object, java.lang.Object, long)'> (0x00000000ff001f60) 
thrown [s\src\hotspot\share\interpreter\linkResolver.cpp, line 771]
Event: 0.648 Thread 0x00000285b78b5910 Exception <a 'java/lang/NoSuchMethodError'{0x00000000ff0064f8}: 'java.lang.Object java.lang.invoke.Invokers$Holder.linkToTargetMethod(java.lang.Object, long, java.lang.Object)'> (0x00000000ff0064f8) 
thrown [s\src\hotspot\share\interpreter\linkResolver.cpp, line 771]
Event: 0.656 Thread 0x00000285b78b5910 Exception <a 'java/lang/NoSuchMethodError'{0x00000000ff02ec08}: 'void java.lang.invoke.DirectMethodHandle$Holder.invokeStatic(java.lang.Object, long)'> (0x00000000ff02ec08) 
thrown [s\src\hotspot\share\interpreter\linkResolver.cpp, line 771]
Event: 0.657 Thread 0x00000285b78b5910 Exception <a 'java/lang/NoSuchMethodError'{0x00000000ff034970}: 'java.lang.Object java.lang.invoke.DirectMethodHandle$Holder.newInvokeSpecial(java.lang.Object, long)'> (0x00000000ff034970) 
thrown [s\src\hotspot\share\interpreter\linkResolver.cpp, line 771]

VM Operations (20 events):
Event: 0.989 Executing VM operation: G1CollectForAllocation
Event: 0.991 Executing VM operation: G1CollectForAllocation done
Event: 1.061 Executing VM operation: CollectForMetadataAllocation
Event: 1.062 Executing VM operation: CollectForMetadataAllocation done
Event: 1.063 Executing VM operation: G1Concurrent
Event: 1.064 Executing VM operation: G1Concurrent done
Event: 1.065 Executing VM operation: G1Concurrent
Event: 1.065 Executing VM operation: G1Concurrent done
Event: 1.144 Executing VM operation: HandshakeAllThreads
Event: 1.144 Executing VM operation: HandshakeAllThreads done
Event: 1.164 Executing VM operation: RedefineClasses
Event: 1.173 Executing VM operation: RedefineClasses done
Event: 1.173 Executing VM operation: HandshakeAllThreads
Event: 1.173 Executing VM operation: HandshakeAllThreads done
Event: 1.177 Executing VM operation: ICBufferFull
Event: 1.177 Executing VM operation: ICBufferFull done
Event: 1.262 Executing VM operation: RedefineClasses
Event: 1.268 Executing VM operation: RedefineClasses done
Event: 1.282 Executing VM operation: RedefineClasses
Event: 1.288 Executing VM operation: RedefineClasses done

Events (20 events):
Event: 1.306 loading class android/os/Parcelable
Event: 1.306 loading class android/os/Parcelable done
Event: 1.306 loading class android/os/BaseBundle
Event: 1.306 loading class android/os/BaseBundle done
Event: 1.307 loading class sun/reflect/generics/scope/ConstructorScope
Event: 1.307 loading class sun/reflect/generics/scope/ConstructorScope done
Event: 1.307 loading class net/bytebuddy/description/type/TypeDescription$Generic$AnnotationReader$Delegator$ForLoadedTypeVariable
Event: 1.307 loading class net/bytebuddy/description/type/TypeDescription$Generic$AnnotationReader$Delegator$ForLoadedTypeVariable done
Event: 1.307 loading class net/bytebuddy/description/type/TypeDescription$Generic$OfTypeVariable$ForLoadedType
Event: 1.307 loading class net/bytebuddy/description/type/TypeDescription$Generic$OfTypeVariable$ForLoadedType done
Event: 1.308 loading class net/bytebuddy/description/type/TypeDescription$Generic$OfTypeVariable
Event: 1.308 loading class net/bytebuddy/description/type/TypeDescription$Generic$OfTypeVariable done
Event: 1.319 loading class net/bytebuddy/description/type/TypeVariableToken
Event: 1.319 loading class net/bytebuddy/description/type/TypeVariableToken done
Event: 1.320 loading class net/bytebuddy/description/type/TypeDescription$Generic$OfTypeVariable$ForLoadedType$TypeVariableBoundList
Event: 1.320 loading class net/bytebuddy/description/type/TypeDescription$Generic$OfTypeVariable$ForLoadedType$TypeVariableBoundList done
Event: 1.320 loading class net/bytebuddy/description/type/TypeDescription$Generic$AnnotationReader$ForTypeVariableBoundType$OfFormalTypeVariable
Event: 1.320 loading class net/bytebuddy/description/type/TypeDescription$Generic$AnnotationReader$ForTypeVariableBoundType$OfFormalTypeVariable done
Event: 1.321 loading class net/bytebuddy/description/type/TypeDescription$Generic$AnnotationReader$ForTypeVariableBoundType$OfFormalTypeVariable$FormalTypeVariable
Event: 1.321 loading class net/bytebuddy/description/type/TypeDescription$Generic$AnnotationReader$ForTypeVariableBoundType$OfFormalTypeVariable$FormalTypeVariable done


Dynamic libraries:
0x00007ff724610000 - 0x00007ff72461a000 	F:\Android Studio Flamingo\jbr\bin\java.exe
0x00007ffb2c770000 - 0x00007ffb2c984000 	C:\Windows\SYSTEM32\ntdll.dll
0x00007ffb2b6e0000 - 0x00007ffb2b7a2000 	C:\Windows\System32\KERNEL32.DLL
0x00007ffb29fe0000 - 0x00007ffb2a383000 	C:\Windows\System32\KERNELBASE.dll
0x00007ffb29d50000 - 0x00007ffb29e61000 	C:\Windows\System32\ucrtbase.dll
0x00007ffaeffe0000 - 0x00007ffaefffb000 	F:\Android Studio Flamingo\jbr\bin\VCRUNTIME140.dll
0x00007ffb02ca0000 - 0x00007ffb02cb7000 	F:\Android Studio Flamingo\jbr\bin\jli.dll
0x00007ffb2b530000 - 0x00007ffb2b6db000 	C:\Windows\System32\USER32.dll
0x00007ffb29b90000 - 0x00007ffb29bb6000 	C:\Windows\System32\win32u.dll
0x00007ffb123f0000 - 0x00007ffb1267e000 	C:\Windows\WinSxS\amd64_microsoft.windows.common-controls_6595b64144ccf1df_6.0.22621.1635_none_270f70857386168e\COMCTL32.dll
0x00007ffb2c5c0000 - 0x00007ffb2c5e9000 	C:\Windows\System32\GDI32.dll
0x00007ffb2b9c0000 - 0x00007ffb2ba67000 	C:\Windows\System32\msvcrt.dll
0x00007ffb29bc0000 - 0x00007ffb29cd8000 	C:\Windows\System32\gdi32full.dll
0x00007ffb2a450000 - 0x00007ffb2a4ea000 	C:\Windows\System32\msvcp_win.dll
0x00007ffb2c5f0000 - 0x00007ffb2c621000 	C:\Windows\System32\IMM32.DLL
0x00007ffb1d7e0000 - 0x00007ffb1d7ec000 	F:\Android Studio Flamingo\jbr\bin\vcruntime140_1.dll
0x00007ffaecbb0000 - 0x00007ffaecc3d000 	F:\Android Studio Flamingo\jbr\bin\msvcp140.dll
0x00007ffa8a9f0000 - 0x00007ffa8b65d000 	F:\Android Studio Flamingo\jbr\bin\server\jvm.dll
0x00007ffb2ae10000 - 0x00007ffb2aebe000 	C:\Windows\System32\ADVAPI32.dll
0x00007ffb2b8b0000 - 0x00007ffb2b954000 	C:\Windows\System32\sechost.dll
0x00007ffb2c280000 - 0x00007ffb2c397000 	C:\Windows\System32\RPCRT4.dll
0x00007ffb18a90000 - 0x00007ffb18ac4000 	C:\Windows\SYSTEM32\WINMM.dll
0x00007ffb26e50000 - 0x00007ffb26e59000 	C:\Windows\SYSTEM32\WSOCK32.dll
0x00007ffb23760000 - 0x00007ffb2376a000 	C:\Windows\SYSTEM32\VERSION.dll
0x00007ffb2acf0000 - 0x00007ffb2ad61000 	C:\Windows\System32\WS2_32.dll
0x00007ffb28ba0000 - 0x00007ffb28bb8000 	C:\Windows\SYSTEM32\kernel.appcore.dll
0x00007ffb1d740000 - 0x00007ffb1d74a000 	F:\Android Studio Flamingo\jbr\bin\jimage.dll
0x00007ffb20000000 - 0x00007ffb2022e000 	C:\Windows\SYSTEM32\DBGHELP.DLL
0x00007ffb2b170000 - 0x00007ffb2b4f9000 	C:\Windows\System32\combase.dll
0x00007ffb2abf0000 - 0x00007ffb2acc7000 	C:\Windows\System32\OLEAUT32.dll
0x00007ffb1de90000 - 0x00007ffb1dec2000 	C:\Windows\SYSTEM32\dbgcore.DLL
0x00007ffb2a4f0000 - 0x00007ffb2a56b000 	C:\Windows\System32\bcryptPrimitives.dll
0x00007ffaed530000 - 0x00007ffaed555000 	F:\Android Studio Flamingo\jbr\bin\java.dll
0x00007ffaed510000 - 0x00007ffaed528000 	F:\Android Studio Flamingo\jbr\bin\zip.dll
0x00007ffb2ba80000 - 0x00007ffb2c27a000 	C:\Windows\System32\SHELL32.dll
0x00007ffb27b40000 - 0x00007ffb2840e000 	C:\Windows\SYSTEM32\windows.storage.dll
0x00007ffb27a00000 - 0x00007ffb27b3e000 	C:\Windows\SYSTEM32\wintypes.dll
0x00007ffb2aec0000 - 0x00007ffb2afb1000 	C:\Windows\System32\SHCORE.dll
0x00007ffb2c3a0000 - 0x00007ffb2c3fe000 	C:\Windows\System32\shlwapi.dll
0x00007ffb29ac0000 - 0x00007ffb29ae1000 	C:\Windows\SYSTEM32\profapi.dll
0x00007ffaed2b0000 - 0x00007ffaed2c9000 	F:\Android Studio Flamingo\jbr\bin\net.dll
0x00007ffb234e0000 - 0x00007ffb23617000 	C:\Windows\SYSTEM32\WINHTTP.dll
0x00007ffb290a0000 - 0x00007ffb29109000 	C:\Windows\system32\mswsock.dll
0x00007ffaed260000 - 0x00007ffaed276000 	F:\Android Studio Flamingo\jbr\bin\nio.dll
0x00007ffb1a960000 - 0x00007ffb1a970000 	F:\Android Studio Flamingo\jbr\bin\verify.dll
0x00007ffad26e0000 - 0x00007ffad26e8000 	C:\Windows\system32\wshunix.dll
0x00007ffb29410000 - 0x00007ffb2942b000 	C:\Windows\SYSTEM32\CRYPTSP.dll
0x00007ffb28b10000 - 0x00007ffb28b45000 	C:\Windows\system32\rsaenh.dll
0x00007ffb29190000 - 0x00007ffb291b8000 	C:\Windows\SYSTEM32\USERENV.dll
0x00007ffb29540000 - 0x00007ffb29568000 	C:\Windows\SYSTEM32\bcrypt.dll
0x00007ffb293f0000 - 0x00007ffb293fc000 	C:\Windows\SYSTEM32\CRYPTBASE.dll
0x00007ffb286b0000 - 0x00007ffb286dd000 	C:\Windows\SYSTEM32\IPHLPAPI.DLL
0x00007ffb2b0e0000 - 0x00007ffb2b0e9000 	C:\Windows\System32\NSI.dll
0x00007ffb23770000 - 0x00007ffb23789000 	C:\Windows\SYSTEM32\dhcpcsvc6.DLL
0x00007ffb234a0000 - 0x00007ffb234bf000 	C:\Windows\SYSTEM32\dhcpcsvc.DLL
0x00007ffb286e0000 - 0x00007ffb287d3000 	C:\Windows\SYSTEM32\DNSAPI.dll
0x00007ffb1a9d0000 - 0x00007ffb1a9de000 	F:\Android Studio Flamingo\jbr\bin\instrument.dll

dbghelp: loaded successfully - version: 4.0.5 - missing functions: none
symbol engine: initialized successfully - sym options: 0x614 - pdb path: .;F:\Android Studio Flamingo\jbr\bin;C:\Windows\SYSTEM32;C:\Windows\WinSxS\amd64_microsoft.windows.common-controls_6595b64144ccf1df_6.0.22621.1635_none_270f70857386168e;F:\Android Studio Flamingo\jbr\bin\server

VM Arguments:
jvm_args: -Djava.awt.headless=true -Dorg.gradle.internal.worker.tmpdir=F:\AndroidProjects\ParrotLingo\features\translation\build\tmp\testReleaseUnitTest\work -Dorg.gradle.native=false -Xmx512m -Dfile.encoding=UTF-8 -Duser.country=US -Duser.language=en -Duser.variant -ea 
java_command: worker.org.gradle.process.internal.worker.GradleWorkerMain 'Gradle Test Executor 167'
java_class_path (initial): C:\\Users\\luisf\\.gradle\\caches\\8.1.1\\workerMain\\gradle-worker.jar;F:\\AndroidProjects\\ParrotLingo\\features\\translation\\build\\intermediates\\classes\\releaseUnitTest\\transformReleaseUnitTestClassesWithAsm\\dirs;F:\\AndroidProjects\\ParrotLingo\\features\\translation\\build\\intermediates\\runtime_library_classes_jar\\release\\classes.jar;F:\\AndroidProjects\\ParrotLingo\\domain\\build\\intermediates\\runtime_library_classes_jar\\release\\classes.jar;F:\\AndroidProjects\\ParrotLingo\\commons\\testing\\build\\intermediates\\runtime_library_classes_jar\\release\\classes.jar;C:\\Users\\luisf\\.gradle\\caches\\transforms-3\\35eef67dfb0973b3d062a09c1ca5c63c\\transformed\\junit-1.1.5-runtime.jar;C:\\Users\\luisf\\.gradle\\caches\\modules-2\\files-2.1\\com.google.truth\\truth\\1.1.3\\5e2491cc44dce7380165963a24e91a0af4556a17\\truth-1.1.3.jar;C:\\Users\\luisf\\.gradle\\caches\\modules-2\\files-2.1\\io.mockk\\mockk-jvm\\1.13.3\\e8f2fe054f80a99e41264cdba7aeebba99c22f2c\\mockk-jvm-1.13.3.jar;C:\\Users\\luisf\\.gradle\\caches\\transforms-3\\d1ed7ce858c3ef85321b7c755456afc5\\transformed\\espresso-core-3.5.1-runtime.jar;C:\\Users\\luisf\\.gradle\\caches\\transforms-3\\2ba184f2fb6f4f0e29e36e1ca175c63a\\transformed\\runner-1.5.2-runtime.jar;C:\\Users\\luisf\\.gradle\\caches\\modules-2\\files-2.1\\junit\\junit\\4.13.2\\8ac9e16d933b6fb43bc7f576336b8f4d7eb5ba12\\junit-4.13.2.jar;C:\\Users\\luisf\\.gradle\\caches\\modules-2\\files-2.1\\org.jetbrains.kotlinx\\kotlinx-coroutines-test-jvm\\1.6.4\\27cee4a22d4149a86095bb1b4f4c5f10fbd3be97\\kotlinx-coroutines-test-jvm-1.6.4.jar;F:\\AndroidProjects\\ParrotLingo\\framework\\build\\intermediates\\runtime_library_classes_jar\\release\\classes.jar;C:\\Users\\luisf\\.gradle\\caches\\transforms-3\\18e0ab06e867acd5b7fedb2358365fb2\\transformed\\accompanist-permissions-0.31.2-alpha-runtime.jar;C:\\Users\\luisf\\.gradle\\caches\\transforms-3\\032752af92490b0e70685cc03989a495\\transformed\\accompanist-insets-0.28.0
Launcher Type: SUN_STANDARD

[Global flags]
     intx CICompilerCount                          = 12                                        {product} {ergonomic}
     uint ConcGCThreads                            = 5                                         {product} {ergonomic}
     uint G1ConcRefinementThreads                  = 18                                        {product} {ergonomic}
   size_t G1HeapRegionSize                         = 1048576                                   {product} {ergonomic}
    uintx GCDrainStackTargetSize                   = 64                                        {product} {ergonomic}
   size_t InitialHeapSize                          = 532676608                                 {product} {ergonomic}
   size_t MarkStackSize                            = 4194304                                   {product} {ergonomic}
   size_t MaxHeapSize                              = 536870912                                 {product} {command line}
   size_t MaxNewSize                               = 321912832                                 {product} {ergonomic}
   size_t MinHeapDeltaBytes                        = 1048576                                   {product} {ergonomic}
   size_t MinHeapSize                              = 8388608                                   {product} {ergonomic}
    uintx NonNMethodCodeHeapSize                   = 7602480                                {pd product} {ergonomic}
    uintx NonProfiledCodeHeapSize                  = 122027880                              {pd product} {ergonomic}
    uintx ProfiledCodeHeapSize                     = 122027880                              {pd product} {ergonomic}
    uintx ReservedCodeCacheSize                    = 251658240                              {pd product} {ergonomic}
     bool SegmentedCodeCache                       = true                                      {product} {ergonomic}
   size_t SoftMaxHeapSize                          = 536870912                              {manageable} {ergonomic}
     bool UseCompressedClassPointers               = true                           {product lp64_product} {ergonomic}
     bool UseCompressedOops                        = true                           {product lp64_product} {ergonomic}
     bool UseG1GC                                  = true                                      {product} {ergonomic}
     bool UseLargePagesIndividualAllocation        = false                                  {pd product} {ergonomic}

Logging:
Log output configuration:
 #0: stdout all=warning uptime,level,tags
 #1: stderr all=off uptime,level,tags

Environment Variables:
JAVA_HOME=C:\Users\luisf\scoop\apps\openjdk\current
PATH=C:\Program Files\Eclipse Adoptium\jdk-11.0.18.10-hotspot\bin;C:\Windows\system32;C:\Windows;C:\Windows\System32\Wbem;C:\Windows\System32\WindowsPowerShell\v1.0\;C:\Windows\System32\OpenSSH\;C:\Program Files (x86)\NVIDIA Corporation\PhysX\Common;C:\Program Files\NVIDIA Corporation\NVIDIA NvDLISR;C:\ProgramData\chocolatey\bin;C:\Program Files\Git\cmd;F:\AndroidStudioSdk\platform-tools;C:\Users\luisf\scoop\apps\kobweb\current\bin;C:\Users\luisf\scoop\apps\openjdk\current\bin;C:\Users\luisf\scoop\shims;C:\Users\luisf\AppData\Local\Programs\Python\Python311\Scripts\;C:\Users\luisf\AppData\Local\Programs\Python\Python311\;C:\Users\luisf\AppData\Local\Microsoft\WindowsApps;F:\VS Code\bin;C:\Users\luisf\AppData\Roaming\Python\Scripts;
USERNAME=luisf
OS=Windows_NT
PROCESSOR_IDENTIFIER=Intel64 Family 6 Model 183 Stepping 1, GenuineIntel
TMP=C:\Users\luisf\AppData\Local\Temp
TEMP=C:\Users\luisf\AppData\Local\Temp



---------------  S Y S T E M  ---------------

OS:
 Windows 11 , 64 bit Build 22621 (10.0.22621.1635)
OS uptime: 0 days 2:48 hours
Hyper-V role detected

CPU: total 24 (initial active 24) (12 cores per cpu, 2 threads per core) family 6 model 183 stepping 1 microcode 0x10e, cx8, cmov, fxsr, ht, mmx, 3dnowpref, sse, sse2, sse3, ssse3, sse4.1, sse4.2, popcnt, lzcnt, tsc, tscinvbit, avx, avx2, aes, erms, clmul, bmi1, bmi2, adx, sha, fma, vzeroupper, clflush, clflushopt, clwb, hv

Memory: 4k page, system-wide physical 32509M (12913M free)
TotalPageFile size 35581M (AvailPageFile size 9812M)
current process WorkingSet (physical memory assigned to process): 157M, peak: 157M
current process commit charge ("private bytes"): 252M, peak: 664M

vm_info: OpenJDK 64-Bit Server VM (17.0.6+0-b2043.56-9586694) for windows-amd64 JRE (17.0.6+0-b2043.56-9586694), built on Feb  9 2023 20:06:20 by "androidbuild" with MS VC++ 16.10 / 16.11 (VS2019)

END.
